Performing C SOURCE FILE Test CMAKE_HAVE_LIBC_PTHREAD failed with the following output:
Change Dir: /home/lefteris/darknet/build_release/CMakeFiles/CMakeTmp

Run Build Command(s):/usr/bin/make cmTC_22620/fast && /usr/bin/make -f CMakeFiles/cmTC_22620.dir/build.make CMakeFiles/cmTC_22620.dir/build
make[1]: Entering directory '/home/lefteris/darknet/build_release/CMakeFiles/CMakeTmp'
Building C object CMakeFiles/cmTC_22620.dir/src.c.o
/usr/bin/cc   -fPIC -DCMAKE_HAVE_LIBC_PTHREAD   -o CMakeFiles/cmTC_22620.dir/src.c.o   -c /home/lefteris/darknet/build_release/CMakeFiles/CMakeTmp/src.c
Linking C executable cmTC_22620
/snap/cmake/283/bin/cmake -E cmake_link_script CMakeFiles/cmTC_22620.dir/link.txt --verbose=1
/usr/bin/cc -fPIC -DCMAKE_HAVE_LIBC_PTHREAD    CMakeFiles/cmTC_22620.dir/src.c.o  -o cmTC_22620 
CMakeFiles/cmTC_22620.dir/src.c.o: In function `main':
src.c:(.text+0x3e): undefined reference to `pthread_create'
src.c:(.text+0x4a): undefined reference to `pthread_detach'
src.c:(.text+0x5b): undefined reference to `pthread_join'
src.c:(.text+0x6f): undefined reference to `pthread_atfork'
collect2: error: ld returned 1 exit status
CMakeFiles/cmTC_22620.dir/build.make:86: recipe for target 'cmTC_22620' failed
make[1]: *** [cmTC_22620] Error 1
make[1]: Leaving directory '/home/lefteris/darknet/build_release/CMakeFiles/CMakeTmp'
Makefile:121: recipe for target 'cmTC_22620/fast' failed
make: *** [cmTC_22620/fast] Error 2


Source file was:
#include <pthread.h>

void* test_func(void* data)
{
  return data;
}

int main(void)
{
  pthread_t thread;
  pthread_create(&thread, NULL, test_func, NULL);
  pthread_detach(thread);
  pthread_join(thread, NULL);
  pthread_atfork(NULL, NULL, NULL);
  pthread_exit(NULL);

  return 0;
}

Determining if the function pthread_create exists in the pthreads failed with the following output:
Change Dir: /home/lefteris/darknet/build_release/CMakeFiles/CMakeTmp

Run Build Command(s):/usr/bin/make cmTC_5581f/fast && /usr/bin/make -f CMakeFiles/cmTC_5581f.dir/build.make CMakeFiles/cmTC_5581f.dir/build
make[1]: Entering directory '/home/lefteris/darknet/build_release/CMakeFiles/CMakeTmp'
Building C object CMakeFiles/cmTC_5581f.dir/CheckFunctionExists.c.o
/usr/bin/cc   -fPIC -DCHECK_FUNCTION_EXISTS=pthread_create   -o CMakeFiles/cmTC_5581f.dir/CheckFunctionExists.c.o   -c /snap/cmake/283/share/cmake-3.16/Modules/CheckFunctionExists.c
Linking C executable cmTC_5581f
/snap/cmake/283/bin/cmake -E cmake_link_script CMakeFiles/cmTC_5581f.dir/link.txt --verbose=1
/usr/bin/cc -fPIC -DCHECK_FUNCTION_EXISTS=pthread_create    CMakeFiles/cmTC_5581f.dir/CheckFunctionExists.c.o  -o cmTC_5581f  -lpthreads 
/usr/bin/ld: cannot find -lpthreads
collect2: error: ld returned 1 exit status
CMakeFiles/cmTC_5581f.dir/build.make:86: recipe for target 'cmTC_5581f' failed
make[1]: *** [cmTC_5581f] Error 1
make[1]: Leaving directory '/home/lefteris/darknet/build_release/CMakeFiles/CMakeTmp'
Makefile:121: recipe for target 'cmTC_5581f/fast' failed
make: *** [cmTC_5581f/fast] Error 2



